<?xml version="1.0" encoding="UTF-8"?>
<!-- Generated by org.testng.reporters.JUnitReportReporter -->
<testsuite hostname="APDIFGDEV065wxv" failures="0" tests="1" name="cucumberOptions.TestRunner" time="0.391" errors="0" timestamp="27 Aug 2019 12:27:35 GMT">
  <testcase classname="cucumberOptions.TestRunner" name="feature" time="0.391"/>
</testsuite> <!-- cucumberOptions.TestRunner -->
